c:\users\koba2\desktop\happyend\debug\vc142.pdb
c:\users\koba2\desktop\happyend\debug\vc142.idb
c:\users\koba2\desktop\happyend\debug\title.obj
c:\users\koba2\desktop\happyend\debug\texture.obj
c:\users\koba2\desktop\happyend\debug\sprite.obj
c:\users\koba2\desktop\happyend\debug\sound.obj
c:\users\koba2\desktop\happyend\debug\scene.obj
c:\users\koba2\desktop\happyend\debug\result.obj
c:\users\koba2\desktop\happyend\debug\renderer.obj
c:\users\koba2\desktop\happyend\debug\player.obj
c:\users\koba2\desktop\happyend\debug\main.obj
c:\users\koba2\desktop\happyend\debug\input.obj
c:\users\koba2\desktop\happyend\debug\game.obj
c:\users\koba2\desktop\happyend\debug\fade.obj
c:\users\koba2\desktop\happyend\debug\bullet.obj
c:\users\koba2\desktop\happyend\debug\attack.obj
c:\users\koba2\desktop\happyend\debug\collision.obj
c:\users\koba2\desktop\happyend\debug\ball.obj
c:\users\koba2\desktop\happyend\debug\moveblock.obj
c:\users\koba2\desktop\happyend\debug\countblock.obj
c:\users\koba2\desktop\happyend\debug\background.obj
c:\users\koba2\desktop\happyend\debug\coin.obj
c:\users\koba2\desktop\happyend\debug\move_block.obj
c:\users\koba2\desktop\happyend\debug\count_block.obj
c:\users\koba2\desktop\happyend\debug\accele_block.obj
c:\users\koba2\desktop\happyend\debug\score.obj
c:\users\koba2\desktop\happyend\debug\sample.exe
c:\users\koba2\desktop\happyend\debug\sample.ilk
c:\users\koba2\desktop\happyend\debug\sample.pdb
c:\users\koba2\desktop\happyend\debug\movetarget.obj
c:\users\koba2\desktop\happyend\debug\target.obj
c:\users\koba2\desktop\happyend\debug\xinput.obj
c:\users\koba2\desktop\happyend\debug\sample.tlog\cl.command.1.tlog
c:\users\koba2\desktop\happyend\debug\sample.tlog\cl.read.1.tlog
c:\users\koba2\desktop\happyend\debug\sample.tlog\cl.write.1.tlog
c:\users\koba2\desktop\happyend\debug\sample.tlog\link.command.1.tlog
c:\users\koba2\desktop\happyend\debug\sample.tlog\link.read.1.tlog
c:\users\koba2\desktop\happyend\debug\sample.tlog\link.write.1.tlog
